rocket_stage.adb:6:07: error: component must be declared in private part of protected type
rocket_stage.adb:7:07: error: component must be declared in private part of protected type
rocket_stage.adb:8:07: error: component must be declared in private part of protected type
rocket_stage.adb:9:07: error: component must be declared in private part of protected type
rocket_stage.adb:11:33: error: "," should be ";"
rocket_stage.adb:11:49: error: subprogram body not allowed here
rocket_stage.adb:19:34: error: subprogram body not allowed here
rocket_stage.adb:26:16: error: missing ";"
rocket_stage.adb:29:35: error: subprogram body not allowed here
rocket_stage.adb:39:37: error: subprogram body not allowed here
rocket_stage.adb:44:38: error: subprogram body not allowed here
rocket_stage.adb:45:10: error: misplaced "return" statement
rocket_stage.adb:46:06: error: missing "begin" for function "Get_P_RF" at line 44
rocket_stage.adb:46:07: error: "end Get_P_RF;" expected
rocket_stage.adb:49:07: error: illegal declaration in protected definition
rocket_stage.adb:50:10: error: illegal declaration in protected definition
rocket_stage.adb:51:10: error: component must be declared in private part of protected type
rocket_stage.adb:52:10: error: component must be declared in private part of protected type
rocket_stage.adb:53:10: error: component must be declared in private part of protected type
rocket_stage.adb:54:10: error: component must be declared in private part of protected type
rocket_stage.adb:55:10: error: component must be declared in private part of protected type
rocket_stage.adb:56:06: error: missing "end Propellant_Tank;"
rocket_stage.adb:65:60: error: binary operator expected
rocket_stage.adb:81:07: error: "end Rocket_Stage;" expected
